{
  "src/api/api.ts": {
    "path": "src/api/api.ts",
    "statementMap": {
      "0": {
        "start": {
          "line": 1,
          "column": 0
        },
        "end": {
          "line": 1,
          "column": null
        }
      },
      "1": {
        "start": {
          "line": 6,
          "column": 16
        },
        "end": {
          "line": 6,
          "column": null
        }
      },
      "2": {
        "start": {
          "line": 8,
          "column": 24
        },
        "end": {
          "line": 12,
          "column": null
        }
      },
      "3": {
        "start": {
          "line": 9,
          "column": 22
        },
        "end": {
          "line": 9,
          "column": null
        }
      },
      "4": {
        "start": {
          "line": 10,
          "column": 24
        },
        "end": {
          "line": 10,
          "column": null
        }
      },
      "5": {
        "start": {
          "line": 11,
          "column": 2
        },
        "end": {
          "line": 11,
          "column": null
        }
      },
      "6": {
        "start": {
          "line": 14,
          "column": 54
        },
        "end": {
          "line": 22,
          "column": null
        }
      },
      "7": {
        "start": {
          "line": 15,
          "column": 18
        },
        "end": {
          "line": 15,
          "column": null
        }
      },
      "8": {
        "start": {
          "line": 16,
          "column": 2
        },
        "end": {
          "line": 16,
          "column": null
        }
      },
      "9": {
        "start": {
          "line": 18,
          "column": 24
        },
        "end": {
          "line": 18,
          "column": null
        }
      },
      "10": {
        "start": {
          "line": 19,
          "column": 2
        },
        "end": {
          "line": 19,
          "column": null
        }
      },
      "11": {
        "start": {
          "line": 21,
          "column": 2
        },
        "end": {
          "line": 21,
          "column": null
        }
      },
      "12": {
        "start": {
          "line": 24,
          "column": 14
        },
        "end": {
          "line": 28,
          "column": null
        }
      },
      "13": {
        "start": {
          "line": 29,
          "column": 16
        },
        "end": {
          "line": 29,
          "column": null
        }
      },
      "14": {
        "start": {
          "line": 30,
          "column": 2
        },
        "end": {
          "line": 30,
          "column": null
        }
      },
      "15": {
        "start": {
          "line": 34,
          "column": 23
        },
        "end": {
          "line": 42,
          "column": null
        }
      },
      "16": {
        "start": {
          "line": 35,
          "column": 14
        },
        "end": {
          "line": 39,
          "column": null
        }
      },
      "17": {
        "start": {
          "line": 40,
          "column": 18
        },
        "end": {
          "line": 40,
          "column": null
        }
      },
      "18": {
        "start": {
          "line": 41,
          "column": 2
        },
        "end": {
          "line": 41,
          "column": null
        }
      },
      "19": {
        "start": {
          "line": 45,
          "column": 24
        },
        "end": {
          "line": 53,
          "column": null
        }
      },
      "20": {
        "start": {
          "line": 46,
          "column": 14
        },
        "end": {
          "line": 50,
          "column": null
        }
      },
      "21": {
        "start": {
          "line": 51,
          "column": 22
        },
        "end": {
          "line": 51,
          "column": null
        }
      },
      "22": {
        "start": {
          "line": 52,
          "column": 2
        },
        "end": {
          "line": 52,
          "column": null
        }
      },
      "23": {
        "start": {
          "line": 56,
          "column": 26
        },
        "end": {
          "line": 61,
          "column": null
        }
      },
      "24": {
        "start": {
          "line": 57,
          "column": 2
        },
        "end": {
          "line": 60,
          "column": null
        }
      },
      "25": {
        "start": {
          "line": 4,
          "column": 39
        },
        "end": {
          "line": 4,
          "column": null
        }
      },
      "26": {
        "start": {
          "line": 14,
          "column": 54
        },
        "end": {
          "line": 22,
          "column": 1
        }
      },
      "27": {
        "start": {
          "line": 34,
          "column": 23
        },
        "end": {
          "line": 42,
          "column": 2
        }
      },
      "28": {
        "start": {
          "line": 45,
          "column": 24
        },
        "end": {
          "line": 53,
          "column": 2
        }
      },
      "29": {
        "start": {
          "line": 56,
          "column": 26
        },
        "end": {
          "line": 61,
          "column": 2
        }
      }
    },
    "fnMap": {
      "0": {
        "name": "(anonymous_0)",
        "decl": {
          "start": {
            "line": 8,
            "column": 24
          },
          "end": {
            "line": 8,
            "column": null
          }
        },
        "loc": {
          "start": {
            "line": 8,
            "column": 24
          },
          "end": {
            "line": 12,
            "column": null
          }
        },
        "line": 8
      },
      "1": {
        "name": "(anonymous_1)",
        "decl": {
          "start": {
            "line": 14,
            "column": 54
          },
          "end": {
            "line": 14,
            "column": null
          }
        },
        "loc": {
          "start": {
            "line": 14,
            "column": 54
          },
          "end": {
            "line": 22,
            "column": null
          }
        },
        "line": 14
      },
      "2": {
        "name": "getAllTodos",
        "decl": {
          "start": {
            "line": 23,
            "column": 22
          },
          "end": {
            "line": 23,
            "column": null
          }
        },
        "loc": {
          "start": {
            "line": 23,
            "column": 22
          },
          "end": {
            "line": 31,
            "column": null
          }
        },
        "line": 23
      },
      "3": {
        "name": "(anonymous_3)",
        "decl": {
          "start": {
            "line": 34,
            "column": 23
          },
          "end": {
            "line": 34,
            "column": 30
          }
        },
        "loc": {
          "start": {
            "line": 34,
            "column": 30
          },
          "end": {
            "line": 42,
            "column": null
          }
        },
        "line": 34
      },
      "4": {
        "name": "(anonymous_4)",
        "decl": {
          "start": {
            "line": 45,
            "column": 24
          },
          "end": {
            "line": 45,
            "column": 31
          }
        },
        "loc": {
          "start": {
            "line": 45,
            "column": 31
          },
          "end": {
            "line": 53,
            "column": null
          }
        },
        "line": 45
      },
      "5": {
        "name": "(anonymous_5)",
        "decl": {
          "start": {
            "line": 56,
            "column": 26
          },
          "end": {
            "line": 56,
            "column": 33
          }
        },
        "loc": {
          "start": {
            "line": 56,
            "column": 33
          },
          "end": {
            "line": 61,
            "column": null
          }
        },
        "line": 56
      },
      "6": {
        "name": "(anonymous_1)",
        "decl": {
          "start": {
            "line": 14,
            "column": 54
          },
          "end": {
            "line": 14,
            "column": null
          }
        },
        "loc": {
          "start": {
            "line": 14,
            "column": 54
          },
          "end": {
            "line": 22,
            "column": 1
          }
        },
        "line": 14
      },
      "7": {
        "name": "(anonymous_3)",
        "decl": {
          "start": {
            "line": 34,
            "column": 23
          },
          "end": {
            "line": 34,
            "column": 30
          }
        },
        "loc": {
          "start": {
            "line": 34,
            "column": 30
          },
          "end": {
            "line": 42,
            "column": 2
          }
        },
        "line": 34
      },
      "8": {
        "name": "(anonymous_4)",
        "decl": {
          "start": {
            "line": 45,
            "column": 24
          },
          "end": {
            "line": 45,
            "column": 31
          }
        },
        "loc": {
          "start": {
            "line": 45,
            "column": 31
          },
          "end": {
            "line": 53,
            "column": 2
          }
        },
        "line": 45
      },
      "9": {
        "name": "(anonymous_5)",
        "decl": {
          "start": {
            "line": 56,
            "column": 26
          },
          "end": {
            "line": 56,
            "column": 33
          }
        },
        "loc": {
          "start": {
            "line": 56,
            "column": 33
          },
          "end": {
            "line": 61,
            "column": 2
          }
        },
        "line": 56
      }
    },
    "branchMap": {
      "0": {
        "loc": {
          "start": {
            "line": 18,
            "column": 24
          },
          "end": {
            "line": 18,
            "column": null
          }
        },
        "type": "binary-expr",
        "locations": [
          {
            "start": {
              "line": 18,
              "column": 24
            },
            "end": {
              "line": 18,
              "column": 51
            }
          },
          {
            "start": {
              "line": 18,
              "column": 51
            },
            "end": {
              "line": 18,
              "column": null
            }
          }
        ],
        "line": 18
      }
    },
    "s": {
      "0": 2,
      "1": 1,
      "2": 1,
      "3": 7,
      "4": 7,
      "5": 7,
      "6": 1,
      "7": 7,
      "8": 7,
      "9": 7,
      "10": 7,
      "11": 7,
      "12": 1,
      "13": 1,
      "14": 1,
      "15": 1,
      "16": 1,
      "17": 1,
      "18": 1,
      "19": 1,
      "20": 1,
      "21": 1,
      "22": 1,
      "23": 1,
      "24": 1,
      "25": 1,
      "26": 1,
      "27": 1,
      "28": 1,
      "29": 1
    },
    "f": {
      "0": 7,
      "1": 7,
      "2": 1,
      "3": 1,
      "4": 1,
      "5": 1,
      "6": 7,
      "7": 1,
      "8": 1,
      "9": 1
    },
    "b": {
      "0": [
        7,
        1
      ]
    },
    "meta": {
      "lastBranch": 1,
      "lastFunction": 6,
      "lastStatement": 25,
      "seen": {
        "s:1:0:1:Infinity": 0,
        "s:6:16:6:Infinity": 1,
        "s:8:24:12:Infinity": 2,
        "f:8:24:8:Infinity": 0,
        "s:9:22:9:Infinity": 3,
        "s:10:24:10:Infinity": 4,
        "s:11:2:11:Infinity": 5,
        "s:14:54:22:Infinity": 6,
        "f:14:54:14:Infinity": 1,
        "s:15:18:15:Infinity": 7,
        "s:16:2:16:Infinity": 8,
        "s:18:24:18:Infinity": 9,
        "b:18:24:18:51:18:51:18:Infinity": 0,
        "s:19:2:19:Infinity": 10,
        "s:21:2:21:Infinity": 11,
        "f:23:22:23:Infinity": 2,
        "s:24:14:28:Infinity": 12,
        "s:29:16:29:Infinity": 13,
        "s:30:2:30:Infinity": 14,
        "s:34:23:42:Infinity": 15,
        "f:34:23:34:30": 3,
        "s:35:14:39:Infinity": 16,
        "s:40:18:40:Infinity": 17,
        "s:41:2:41:Infinity": 18,
        "s:45:24:53:Infinity": 19,
        "f:45:24:45:31": 4,
        "s:46:14:50:Infinity": 20,
        "s:51:22:51:Infinity": 21,
        "s:52:2:52:Infinity": 22,
        "s:56:26:61:Infinity": 23,
        "f:56:26:56:33": 5,
        "s:57:2:60:Infinity": 24
      }
    }
  },
  "src/app/layout.tsx": {
    "path": "src/app/layout.tsx",
    "statementMap": {
      "0": {
        "start": {
          "line": 4,
          "column": 34
        },
        "end": {
          "line": 7,
          "column": null
        }
      }
    },
    "fnMap": {
      "0": {
        "name": "RootLayout",
        "decl": {
          "start": {
            "line": 9,
            "column": 24
          },
          "end": {
            "line": 9,
            "column": 35
          }
        },
        "loc": {
          "start": {
            "line": 13,
            "column": 2
          },
          "end": {
            "line": 22,
            "column": null
          }
        },
        "line": 13
      }
    },
    "branchMap": {},
    "s": {
      "0": 0
    },
    "f": {
      "0": 0
    },
    "b": {},
    "meta": {
      "lastBranch": 0,
      "lastFunction": 1,
      "lastStatement": 1,
      "seen": {
        "s:4:34:7:Infinity": 0,
        "f:9:24:9:35": 0
      }
    }
  },
  "src/app/page.tsx": {
    "path": "src/app/page.tsx",
    "statementMap": {
      "0": {
        "start": {
          "line": 6,
          "column": 16
        },
        "end": {
          "line": 6,
          "column": null
        }
      }
    },
    "fnMap": {
      "0": {
        "name": "Home",
        "decl": {
          "start": {
            "line": 5,
            "column": 30
          },
          "end": {
            "line": 5,
            "column": null
          }
        },
        "loc": {
          "start": {
            "line": 5,
            "column": 30
          },
          "end": {
            "line": 18,
            "column": null
          }
        },
        "line": 5
      }
    },
    "branchMap": {},
    "s": {
      "0": 0
    },
    "f": {
      "0": 0
    },
    "b": {},
    "meta": {
      "lastBranch": 0,
      "lastFunction": 1,
      "lastStatement": 1,
      "seen": {
        "f:5:30:5:Infinity": 0,
        "s:6:16:6:Infinity": 0
      }
    }
  },
  "src/app/components/AddTask.tsx": {
    "path": "src/app/components/AddTask.tsx",
    "statementMap": {
      "0": {
        "start": {
          "line": 1,
          "column": 0
        },
        "end": {
          "line": 1,
          "column": null
        }
      },
      "1": {
        "start": {
          "line": 5,
          "column": 51
        },
        "end": {
          "line": 5,
          "column": null
        }
      },
      "2": {
        "start": {
          "line": 7,
          "column": 44
        },
        "end": {
          "line": 7,
          "column": null
        }
      },
      "3": {
        "start": {
          "line": 10,
          "column": 16
        },
        "end": {
          "line": 58,
          "column": null
        }
      },
      "4": {
        "start": {
          "line": 11,
          "column": 17
        },
        "end": {
          "line": 11,
          "column": null
        }
      },
      "5": {
        "start": {
          "line": 12,
          "column": 36
        },
        "end": {
          "line": 12,
          "column": null
        }
      },
      "6": {
        "start": {
          "line": 13,
          "column": 42
        },
        "end": {
          "line": 13,
          "column": null
        }
      },
      "7": {
        "start": {
          "line": 15,
          "column": 65
        },
        "end": {
          "line": 24,
          "column": null
        }
      },
      "8": {
        "start": {
          "line": 16,
          "column": 4
        },
        "end": {
          "line": 16,
          "column": null
        }
      },
      "9": {
        "start": {
          "line": 17,
          "column": 4
        },
        "end": {
          "line": 20,
          "column": null
        }
      },
      "10": {
        "start": {
          "line": 21,
          "column": 4
        },
        "end": {
          "line": 21,
          "column": null
        }
      },
      "11": {
        "start": {
          "line": 22,
          "column": 4
        },
        "end": {
          "line": 22,
          "column": null
        }
      },
      "12": {
        "start": {
          "line": 23,
          "column": 4
        },
        "end": {
          "line": 23,
          "column": null
        }
      },
      "13": {
        "start": {
          "line": 29,
          "column": 23
        },
        "end": {
          "line": 29,
          "column": null
        }
      },
      "14": {
        "start": {
          "line": 45,
          "column": 31
        },
        "end": {
          "line": 45,
          "column": null
        }
      }
    },
    "fnMap": {
      "0": {
        "name": "(anonymous_0)",
        "decl": {
          "start": {
            "line": 10,
            "column": 16
          },
          "end": {
            "line": 10,
            "column": null
          }
        },
        "loc": {
          "start": {
            "line": 10,
            "column": 16
          },
          "end": {
            "line": 58,
            "column": null
          }
        },
        "line": 10
      },
      "1": {
        "name": "(anonymous_1)",
        "decl": {
          "start": {
            "line": 15,
            "column": 65
          },
          "end": {
            "line": 15,
            "column": 72
          }
        },
        "loc": {
          "start": {
            "line": 15,
            "column": 72
          },
          "end": {
            "line": 24,
            "column": null
          }
        },
        "line": 15
      },
      "2": {
        "name": "(anonymous_2)",
        "decl": {
          "start": {
            "line": 29,
            "column": 17
          },
          "end": {
            "line": 29,
            "column": 23
          }
        },
        "loc": {
          "start": {
            "line": 29,
            "column": 23
          },
          "end": {
            "line": 29,
            "column": null
          }
        },
        "line": 29
      },
      "3": {
        "name": "(anonymous_3)",
        "decl": {
          "start": {
            "line": 45,
            "column": 24
          },
          "end": {
            "line": 45,
            "column": 25
          }
        },
        "loc": {
          "start": {
            "line": 45,
            "column": 31
          },
          "end": {
            "line": 45,
            "column": null
          }
        },
        "line": 45
      }
    },
    "branchMap": {},
    "s": {
      "0": 1,
      "1": 1,
      "2": 1,
      "3": 1,
      "4": 8,
      "5": 8,
      "6": 8,
      "7": 8,
      "8": 1,
      "9": 1,
      "10": 1,
      "11": 1,
      "12": 1,
      "13": 2,
      "14": 2
    },
    "f": {
      "0": 8,
      "1": 1,
      "2": 2,
      "3": 2
    },
    "b": {},
    "meta": {
      "lastBranch": 0,
      "lastFunction": 4,
      "lastStatement": 15,
      "seen": {
        "s:1:0:1:Infinity": 0,
        "s:5:51:5:Infinity": 1,
        "s:7:44:7:Infinity": 2,
        "s:10:16:58:Infinity": 3,
        "f:10:16:10:Infinity": 0,
        "s:11:17:11:Infinity": 4,
        "s:12:36:12:Infinity": 5,
        "s:13:42:13:Infinity": 6,
        "s:15:65:24:Infinity": 7,
        "f:15:65:15:72": 1,
        "s:16:4:16:Infinity": 8,
        "s:17:4:20:Infinity": 9,
        "s:21:4:21:Infinity": 10,
        "s:22:4:22:Infinity": 11,
        "s:23:4:23:Infinity": 12,
        "f:29:17:29:23": 2,
        "s:29:23:29:Infinity": 13,
        "f:45:24:45:25": 3,
        "s:45:31:45:Infinity": 14
      }
    }
  },
  "src/app/components/Icons.tsx": {
    "path": "src/app/components/Icons.tsx",
    "statementMap": {
      "0": {
        "start": {
          "line": 11,
          "column": 24
        },
        "end": {
          "line": 24,
          "column": null
        }
      },
      "1": {
        "start": {
          "line": 12,
          "column": 2
        },
        "end": {
          "line": 24,
          "column": null
        }
      },
      "2": {
        "start": {
          "line": 27,
          "column": 24
        },
        "end": {
          "line": 42,
          "column": null
        }
      },
      "3": {
        "start": {
          "line": 28,
          "column": 2
        },
        "end": {
          "line": 42,
          "column": null
        }
      },
      "4": {
        "start": {
          "line": 45,
          "column": 25
        },
        "end": {
          "line": 57,
          "column": null
        }
      },
      "5": {
        "start": {
          "line": 46,
          "column": 2
        },
        "end": {
          "line": 57,
          "column": null
        }
      }
    },
    "fnMap": {
      "0": {
        "name": "(anonymous_0)",
        "decl": {
          "start": {
            "line": 11,
            "column": 24
          },
          "end": {
            "line": 11,
            "column": 25
          }
        },
        "loc": {
          "start": {
            "line": 12,
            "column": 2
          },
          "end": {
            "line": 24,
            "column": null
          }
        },
        "line": 12
      },
      "1": {
        "name": "(anonymous_1)",
        "decl": {
          "start": {
            "line": 27,
            "column": 24
          },
          "end": {
            "line": 27,
            "column": 25
          }
        },
        "loc": {
          "start": {
            "line": 28,
            "column": 2
          },
          "end": {
            "line": 42,
            "column": null
          }
        },
        "line": 28
      },
      "2": {
        "name": "(anonymous_2)",
        "decl": {
          "start": {
            "line": 45,
            "column": 25
          },
          "end": {
            "line": 45,
            "column": 26
          }
        },
        "loc": {
          "start": {
            "line": 46,
            "column": 2
          },
          "end": {
            "line": 57,
            "column": null
          }
        },
        "line": 46
      }
    },
    "branchMap": {
      "0": {
        "loc": {
          "start": {
            "line": 11,
            "column": 27
          },
          "end": {
            "line": 11,
            "column": 36
          }
        },
        "type": "default-arg",
        "locations": [
          {
            "start": {
              "line": 11,
              "column": 34
            },
            "end": {
              "line": 11,
              "column": 36
            }
          }
        ],
        "line": 11
      },
      "1": {
        "loc": {
          "start": {
            "line": 11,
            "column": 38
          },
          "end": {
            "line": 11,
            "column": 60
          }
        },
        "type": "default-arg",
        "locations": [
          {
            "start": {
              "line": 11,
              "column": 46
            },
            "end": {
              "line": 11,
              "column": 60
            }
          }
        ],
        "line": 11
      },
      "2": {
        "loc": {
          "start": {
            "line": 27,
            "column": 27
          },
          "end": {
            "line": 27,
            "column": 36
          }
        },
        "type": "default-arg",
        "locations": [
          {
            "start": {
              "line": 27,
              "column": 34
            },
            "end": {
              "line": 27,
              "column": 36
            }
          }
        ],
        "line": 27
      },
      "3": {
        "loc": {
          "start": {
            "line": 27,
            "column": 38
          },
          "end": {
            "line": 27,
            "column": 60
          }
        },
        "type": "default-arg",
        "locations": [
          {
            "start": {
              "line": 27,
              "column": 46
            },
            "end": {
              "line": 27,
              "column": 60
            }
          }
        ],
        "line": 27
      },
      "4": {
        "loc": {
          "start": {
            "line": 45,
            "column": 28
          },
          "end": {
            "line": 45,
            "column": 37
          }
        },
        "type": "default-arg",
        "locations": [
          {
            "start": {
              "line": 45,
              "column": 35
            },
            "end": {
              "line": 45,
              "column": 37
            }
          }
        ],
        "line": 45
      },
      "5": {
        "loc": {
          "start": {
            "line": 45,
            "column": 39
          },
          "end": {
            "line": 45,
            "column": 61
          }
        },
        "type": "default-arg",
        "locations": [
          {
            "start": {
              "line": 45,
              "column": 47
            },
            "end": {
              "line": 45,
              "column": 61
            }
          }
        ],
        "line": 45
      }
    },
    "s": {
      "0": 2,
      "1": 8,
      "2": 2,
      "3": 3,
      "4": 2,
      "5": 3
    },
    "f": {
      "0": 8,
      "1": 3,
      "2": 3
    },
    "b": {
      "0": [
        8
      ],
      "1": [
        8
      ],
      "2": [
        3
      ],
      "3": [
        3
      ],
      "4": [
        3
      ],
      "5": [
        3
      ]
    },
    "meta": {
      "lastBranch": 6,
      "lastFunction": 3,
      "lastStatement": 6,
      "seen": {
        "s:11:24:24:Infinity": 0,
        "f:11:24:11:25": 0,
        "s:12:2:24:Infinity": 1,
        "b:11:34:11:36": 0,
        "b:11:46:11:60": 1,
        "s:27:24:42:Infinity": 2,
        "f:27:24:27:25": 1,
        "s:28:2:42:Infinity": 3,
        "b:27:34:27:36": 2,
        "b:27:46:27:60": 3,
        "s:45:25:57:Infinity": 4,
        "f:45:25:45:26": 2,
        "s:46:2:57:Infinity": 5,
        "b:45:35:45:37": 4,
        "b:45:47:45:61": 5
      }
    }
  },
  "src/app/components/Modal.tsx": {
    "path": "src/app/components/Modal.tsx",
    "statementMap": {
      "0": {
        "start": {
          "line": 1,
          "column": 0
        },
        "end": {
          "line": 1,
          "column": null
        }
      },
      "1": {
        "start": {
          "line": 3,
          "column": 26
        },
        "end": {
          "line": 3,
          "column": null
        }
      },
      "2": {
        "start": {
          "line": 11,
          "column": 36
        },
        "end": {
          "line": 25,
          "column": null
        }
      },
      "3": {
        "start": {
          "line": 16,
          "column": 25
        },
        "end": {
          "line": 16,
          "column": null
        }
      }
    },
    "fnMap": {
      "0": {
        "name": "(anonymous_0)",
        "decl": {
          "start": {
            "line": 11,
            "column": 36
          },
          "end": {
            "line": 11,
            "column": 37
          }
        },
        "loc": {
          "start": {
            "line": 11,
            "column": 74
          },
          "end": {
            "line": 25,
            "column": null
          }
        },
        "line": 11
      },
      "1": {
        "name": "(anonymous_1)",
        "decl": {
          "start": {
            "line": 16,
            "column": 19
          },
          "end": {
            "line": 16,
            "column": 25
          }
        },
        "loc": {
          "start": {
            "line": 16,
            "column": 25
          },
          "end": {
            "line": 16,
            "column": null
          }
        },
        "line": 16
      }
    },
    "branchMap": {
      "0": {
        "loc": {
          "start": {
            "line": 13,
            "column": 29
          },
          "end": {
            "line": 13,
            "column": 60
          }
        },
        "type": "cond-expr",
        "locations": [
          {
            "start": {
              "line": 13,
              "column": 41
            },
            "end": {
              "line": 13,
              "column": 56
            }
          },
          {
            "start": {
              "line": 13,
              "column": 56
            },
            "end": {
              "line": 13,
              "column": 60
            }
          }
        ],
        "line": 13
      }
    },
    "s": {
      "0": 2,
      "1": 2,
      "2": 2,
      "3": 0
    },
    "f": {
      "0": 14,
      "1": 0
    },
    "b": {
      "0": [
        4,
        10
      ]
    },
    "meta": {
      "lastBranch": 1,
      "lastFunction": 2,
      "lastStatement": 4,
      "seen": {
        "s:1:0:1:Infinity": 0,
        "s:3:26:3:Infinity": 1,
        "s:11:36:25:Infinity": 2,
        "f:11:36:11:37": 0,
        "b:13:41:13:56:13:56:13:60": 0,
        "f:16:19:16:25": 1,
        "s:16:25:16:Infinity": 3
      }
    }
  },
  "src/app/components/Task.tsx": {
    "path": "src/app/components/Task.tsx",
    "statementMap": {
      "0": {
        "start": {
          "line": 1,
          "column": 0
        },
        "end": {
          "line": 1,
          "column": null
        }
      },
      "1": {
        "start": {
          "line": 5,
          "column": 51
        },
        "end": {
          "line": 5,
          "column": null
        }
      },
      "2": {
        "start": {
          "line": 7,
          "column": 44
        },
        "end": {
          "line": 7,
          "column": null
        }
      },
      "3": {
        "start": {
          "line": 14,
          "column": 34
        },
        "end": {
          "line": 102,
          "column": null
        }
      },
      "4": {
        "start": {
          "line": 15,
          "column": 17
        },
        "end": {
          "line": 15,
          "column": null
        }
      },
      "5": {
        "start": {
          "line": 16,
          "column": 44
        },
        "end": {
          "line": 16,
          "column": null
        }
      },
      "6": {
        "start": {
          "line": 17,
          "column": 50
        },
        "end": {
          "line": 17,
          "column": null
        }
      },
      "7": {
        "start": {
          "line": 18,
          "column": 38
        },
        "end": {
          "line": 18,
          "column": null
        }
      },
      "8": {
        "start": {
          "line": 19,
          "column": 38
        },
        "end": {
          "line": 19,
          "column": null
        }
      },
      "9": {
        "start": {
          "line": 21,
          "column": 66
        },
        "end": {
          "line": 30,
          "column": null
        }
      },
      "10": {
        "start": {
          "line": 22,
          "column": 4
        },
        "end": {
          "line": 22,
          "column": null
        }
      },
      "11": {
        "start": {
          "line": 23,
          "column": 4
        },
        "end": {
          "line": 26,
          "column": null
        }
      },
      "12": {
        "start": {
          "line": 28,
          "column": 4
        },
        "end": {
          "line": 28,
          "column": null
        }
      },
      "13": {
        "start": {
          "line": 29,
          "column": 4
        },
        "end": {
          "line": 29,
          "column": null
        }
      },
      "14": {
        "start": {
          "line": 32,
          "column": 27
        },
        "end": {
          "line": 36,
          "column": null
        }
      },
      "15": {
        "start": {
          "line": 33,
          "column": 4
        },
        "end": {
          "line": 33,
          "column": null
        }
      },
      "16": {
        "start": {
          "line": 34,
          "column": 4
        },
        "end": {
          "line": 34,
          "column": null
        }
      },
      "17": {
        "start": {
          "line": 35,
          "column": 4
        },
        "end": {
          "line": 35,
          "column": null
        }
      },
      "18": {
        "start": {
          "line": 38,
          "column": 25
        },
        "end": {
          "line": 40,
          "column": null
        }
      },
      "19": {
        "start": {
          "line": 39,
          "column": 4
        },
        "end": {
          "line": 39,
          "column": null
        }
      },
      "20": {
        "start": {
          "line": 59,
          "column": 25
        },
        "end": {
          "line": 59,
          "column": null
        }
      },
      "21": {
        "start": {
          "line": 72,
          "column": 33
        },
        "end": {
          "line": 72,
          "column": null
        }
      },
      "22": {
        "start": {
          "line": 84,
          "column": 25
        },
        "end": {
          "line": 84,
          "column": null
        }
      },
      "23": {
        "start": {
          "line": 94,
          "column": 35
        },
        "end": {
          "line": 94,
          "column": 62
        }
      }
    },
    "fnMap": {
      "0": {
        "name": "(anonymous_0)",
        "decl": {
          "start": {
            "line": 14,
            "column": 34
          },
          "end": {
            "line": 14,
            "column": 35
          }
        },
        "loc": {
          "start": {
            "line": 14,
            "column": 43
          },
          "end": {
            "line": 102,
            "column": null
          }
        },
        "line": 14
      },
      "1": {
        "name": "(anonymous_1)",
        "decl": {
          "start": {
            "line": 21,
            "column": 66
          },
          "end": {
            "line": 21,
            "column": 73
          }
        },
        "loc": {
          "start": {
            "line": 21,
            "column": 73
          },
          "end": {
            "line": 30,
            "column": null
          }
        },
        "line": 21
      },
      "2": {
        "name": "(anonymous_2)",
        "decl": {
          "start": {
            "line": 32,
            "column": 27
          },
          "end": {
            "line": 32,
            "column": 34
          }
        },
        "loc": {
          "start": {
            "line": 32,
            "column": 34
          },
          "end": {
            "line": 36,
            "column": null
          }
        },
        "line": 32
      },
      "3": {
        "name": "(anonymous_3)",
        "decl": {
          "start": {
            "line": 38,
            "column": 25
          },
          "end": {
            "line": 38,
            "column": null
          }
        },
        "loc": {
          "start": {
            "line": 38,
            "column": 25
          },
          "end": {
            "line": 40,
            "column": null
          }
        },
        "line": 38
      },
      "4": {
        "name": "(anonymous_4)",
        "decl": {
          "start": {
            "line": 59,
            "column": 19
          },
          "end": {
            "line": 59,
            "column": 25
          }
        },
        "loc": {
          "start": {
            "line": 59,
            "column": 25
          },
          "end": {
            "line": 59,
            "column": null
          }
        },
        "line": 59
      },
      "5": {
        "name": "(anonymous_5)",
        "decl": {
          "start": {
            "line": 72,
            "column": 26
          },
          "end": {
            "line": 72,
            "column": 27
          }
        },
        "loc": {
          "start": {
            "line": 72,
            "column": 33
          },
          "end": {
            "line": 72,
            "column": null
          }
        },
        "line": 72
      },
      "6": {
        "name": "(anonymous_6)",
        "decl": {
          "start": {
            "line": 84,
            "column": 19
          },
          "end": {
            "line": 84,
            "column": 25
          }
        },
        "loc": {
          "start": {
            "line": 84,
            "column": 25
          },
          "end": {
            "line": 84,
            "column": null
          }
        },
        "line": 84
      },
      "7": {
        "name": "(anonymous_7)",
        "decl": {
          "start": {
            "line": 94,
            "column": 29
          },
          "end": {
            "line": 94,
            "column": 35
          }
        },
        "loc": {
          "start": {
            "line": 94,
            "column": 35
          },
          "end": {
            "line": 94,
            "column": 62
          }
        },
        "line": 94
      }
    },
    "branchMap": {
      "0": {
        "loc": {
          "start": {
            "line": 51,
            "column": 39
          },
          "end": {
            "line": 51,
            "column": 76
          }
        },
        "type": "cond-expr",
        "locations": [
          {
            "start": {
              "line": 51,
              "column": 52
            },
            "end": {
              "line": 51,
              "column": 69
            }
          },
          {
            "start": {
              "line": 51,
              "column": 69
            },
            "end": {
              "line": 51,
              "column": 76
            }
          }
        ],
        "line": 51
      }
    },
    "s": {
      "0": 1,
      "1": 1,
      "2": 1,
      "3": 1,
      "4": 3,
      "5": 3,
      "6": 3,
      "7": 3,
      "8": 3,
      "9": 3,
      "10": 0,
      "11": 0,
      "12": 0,
      "13": 0,
      "14": 3,
      "15": 0,
      "16": 0,
      "17": 0,
      "18": 3,
      "19": 0,
      "20": 0,
      "21": 0,
      "22": 0,
      "23": 0
    },
    "f": {
      "0": 3,
      "1": 0,
      "2": 0,
      "3": 0,
      "4": 0,
      "5": 0,
      "6": 0,
      "7": 0
    },
    "b": {
      "0": [
        0,
        3
      ]
    },
    "meta": {
      "lastBranch": 1,
      "lastFunction": 8,
      "lastStatement": 24,
      "seen": {
        "s:1:0:1:Infinity": 0,
        "s:5:51:5:Infinity": 1,
        "s:7:44:7:Infinity": 2,
        "s:14:34:102:Infinity": 3,
        "f:14:34:14:35": 0,
        "s:15:17:15:Infinity": 4,
        "s:16:44:16:Infinity": 5,
        "s:17:50:17:Infinity": 6,
        "s:18:38:18:Infinity": 7,
        "s:19:38:19:Infinity": 8,
        "s:21:66:30:Infinity": 9,
        "f:21:66:21:73": 1,
        "s:22:4:22:Infinity": 10,
        "s:23:4:26:Infinity": 11,
        "s:28:4:28:Infinity": 12,
        "s:29:4:29:Infinity": 13,
        "s:32:27:36:Infinity": 14,
        "f:32:27:32:34": 2,
        "s:33:4:33:Infinity": 15,
        "s:34:4:34:Infinity": 16,
        "s:35:4:35:Infinity": 17,
        "s:38:25:40:Infinity": 18,
        "f:38:25:38:Infinity": 3,
        "s:39:4:39:Infinity": 19,
        "b:51:52:51:69:51:69:51:76": 0,
        "f:59:19:59:25": 4,
        "s:59:25:59:Infinity": 20,
        "f:72:26:72:27": 5,
        "s:72:33:72:Infinity": 21,
        "f:84:19:84:25": 6,
        "s:84:25:84:Infinity": 22,
        "f:94:29:94:35": 7,
        "s:94:35:94:62": 23
      }
    }
  },
  "src/app/components/TodoList.tsx": {
    "path": "src/app/components/TodoList.tsx",
    "statementMap": {
      "0": {
        "start": {
          "line": 1,
          "column": 0
        },
        "end": {
          "line": 1,
          "column": null
        }
      },
      "1": {
        "start": {
          "line": 9,
          "column": 42
        },
        "end": {
          "line": 39,
          "column": null
        }
      },
      "2": {
        "start": {
          "line": 10,
          "column": 22
        },
        "end": {
          "line": 21,
          "column": null
        }
      },
      "3": {
        "start": {
          "line": 11,
          "column": 4
        },
        "end": {
          "line": 15,
          "column": null
        }
      }
    },
    "fnMap": {
      "0": {
        "name": "(anonymous_0)",
        "decl": {
          "start": {
            "line": 9,
            "column": 42
          },
          "end": {
            "line": 9,
            "column": 43
          }
        },
        "loc": {
          "start": {
            "line": 9,
            "column": 52
          },
          "end": {
            "line": 39,
            "column": null
          }
        },
        "line": 9
      },
      "1": {
        "name": "(anonymous_1)",
        "decl": {
          "start": {
            "line": 10,
            "column": 22
          },
          "end": {
            "line": 10,
            "column": null
          }
        },
        "loc": {
          "start": {
            "line": 10,
            "column": 22
          },
          "end": {
            "line": 21,
            "column": null
          }
        },
        "line": 10
      }
    },
    "branchMap": {
      "0": {
        "loc": {
          "start": {
            "line": 11,
            "column": 4
          },
          "end": {
            "line": 15,
            "column": null
          }
        },
        "type": "if",
        "locations": [
          {
            "start": {
              "line": 11,
              "column": 4
            },
            "end": {
              "line": 15,
              "column": null
            }
          },
          {
            "start": {},
            "end": {}
          }
        ],
        "line": 11
      }
    },
    "s": {
      "0": 1,
      "1": 1,
      "2": 3,
      "3": 3
    },
    "f": {
      "0": 3,
      "1": 3
    },
    "b": {
      "0": [
        1,
        2
      ]
    },
    "meta": {
      "lastBranch": 1,
      "lastFunction": 2,
      "lastStatement": 4,
      "seen": {
        "s:1:0:1:Infinity": 0,
        "s:9:42:39:Infinity": 1,
        "f:9:42:9:43": 0,
        "s:10:22:21:Infinity": 2,
        "f:10:22:10:Infinity": 1,
        "b:11:4:15:Infinity:undefined:undefined:undefined:undefined": 0,
        "s:11:4:15:Infinity": 3
      }
    }
  }
}