{"src/api/api.ts": {"path":"src/api/api.ts","statementMap":{"0":{"start":{"line":1,"column":0},"end":{"line":1,"column":null}},"1":{"start":{"line":6,"column":16},"end":{"line":6,"column":null}},"2":{"start":{"line":8,"column":24},"end":{"line":12,"column":null}},"3":{"start":{"line":9,"column":22},"end":{"line":9,"column":null}},"4":{"start":{"line":10,"column":24},"end":{"line":10,"column":null}},"5":{"start":{"line":11,"column":2},"end":{"line":11,"column":null}},"6":{"start":{"line":14,"column":54},"end":{"line":22,"column":null}},"7":{"start":{"line":15,"column":18},"end":{"line":15,"column":null}},"8":{"start":{"line":16,"column":2},"end":{"line":16,"column":null}},"9":{"start":{"line":18,"column":24},"end":{"line":18,"column":null}},"10":{"start":{"line":19,"column":2},"end":{"line":19,"column":null}},"11":{"start":{"line":21,"column":2},"end":{"line":21,"column":null}},"12":{"start":{"line":24,"column":14},"end":{"line":28,"column":null}},"13":{"start":{"line":29,"column":16},"end":{"line":29,"column":null}},"14":{"start":{"line":30,"column":2},"end":{"line":30,"column":null}},"15":{"start":{"line":34,"column":23},"end":{"line":42,"column":null}},"16":{"start":{"line":35,"column":14},"end":{"line":39,"column":null}},"17":{"start":{"line":40,"column":18},"end":{"line":40,"column":null}},"18":{"start":{"line":41,"column":2},"end":{"line":41,"column":null}},"19":{"start":{"line":45,"column":24},"end":{"line":53,"column":null}},"20":{"start":{"line":46,"column":14},"end":{"line":50,"column":null}},"21":{"start":{"line":51,"column":22},"end":{"line":51,"column":null}},"22":{"start":{"line":52,"column":2},"end":{"line":52,"column":null}},"23":{"start":{"line":56,"column":26},"end":{"line":61,"column":null}},"24":{"start":{"line":57,"column":2},"end":{"line":60,"column":null}},"25":{"start":{"line":4,"column":39},"end":{"line":4,"column":null}},"26":{"start":{"line":14,"column":54},"end":{"line":22,"column":1}},"27":{"start":{"line":34,"column":23},"end":{"line":42,"column":2}},"28":{"start":{"line":45,"column":24},"end":{"line":53,"column":2}},"29":{"start":{"line":56,"column":26},"end":{"line":61,"column":2}}},"s":{"0":2,"1":1,"2":1,"3":19,"4":19,"5":19,"6":1,"7":19,"8":19,"9":19,"10":19,"11":19,"12":13,"13":13,"14":13,"15":1,"16":1,"17":1,"18":1,"19":1,"20":1,"21":1,"22":1,"23":1,"24":5,"25":1,"26":1,"27":1,"28":1,"29":1},"fnMap":{"0":{"name":"(anonymous_0)","decl":{"start":{"line":8,"column":24},"end":{"line":8,"column":null}},"loc":{"start":{"line":8,"column":24},"end":{"line":12,"column":null}},"line":8},"1":{"name":"(anonymous_1)","decl":{"start":{"line":14,"column":54},"end":{"line":14,"column":null}},"loc":{"start":{"line":14,"column":54},"end":{"line":22,"column":null}},"line":14},"2":{"name":"getAllTodos","decl":{"start":{"line":23,"column":22},"end":{"line":23,"column":null}},"loc":{"start":{"line":23,"column":22},"end":{"line":31,"column":null}},"line":23},"3":{"name":"(anonymous_3)","decl":{"start":{"line":34,"column":23},"end":{"line":34,"column":30}},"loc":{"start":{"line":34,"column":30},"end":{"line":42,"column":null}},"line":34},"4":{"name":"(anonymous_4)","decl":{"start":{"line":45,"column":24},"end":{"line":45,"column":31}},"loc":{"start":{"line":45,"column":31},"end":{"line":53,"column":null}},"line":45},"5":{"name":"(anonymous_5)","decl":{"start":{"line":56,"column":26},"end":{"line":56,"column":33}},"loc":{"start":{"line":56,"column":33},"end":{"line":61,"column":null}},"line":56},"6":{"name":"(anonymous_1)","decl":{"start":{"line":14,"column":54},"end":{"line":14,"column":null}},"loc":{"start":{"line":14,"column":54},"end":{"line":22,"column":1}},"line":14},"7":{"name":"(anonymous_3)","decl":{"start":{"line":34,"column":23},"end":{"line":34,"column":30}},"loc":{"start":{"line":34,"column":30},"end":{"line":42,"column":2}},"line":34},"8":{"name":"(anonymous_4)","decl":{"start":{"line":45,"column":24},"end":{"line":45,"column":31}},"loc":{"start":{"line":45,"column":31},"end":{"line":53,"column":2}},"line":45},"9":{"name":"(anonymous_5)","decl":{"start":{"line":56,"column":26},"end":{"line":56,"column":33}},"loc":{"start":{"line":56,"column":33},"end":{"line":61,"column":2}},"line":56}},"f":{"0":19,"1":19,"2":13,"3":1,"4":1,"5":5,"6":19,"7":1,"8":1,"9":5},"branchMap":{"0":{"loc":{"start":{"line":18,"column":24},"end":{"line":18,"column":null}},"type":"binary-expr","locations":[{"start":{"line":18,"column":24},"end":{"line":18,"column":51}},{"start":{"line":18,"column":51},"end":{"line":18,"column":null}}],"line":18}},"b":{"0":[19,1]}}
,"src/app/layout.tsx": {"path":"src/app/layout.tsx","statementMap":{"0":{"start":{"line":4,"column":34},"end":{"line":7,"column":null}}},"s":{"0":1},"fnMap":{"0":{"name":"RootLayout","decl":{"start":{"line":9,"column":24},"end":{"line":9,"column":35}},"loc":{"start":{"line":13,"column":2},"end":{"line":22,"column":null}},"line":13}},"f":{"0":13},"branchMap":{"0":{"type":"if","loc":{"start":{"line":1,"column":0},"end":{"line":1,"column":0}},"locations":[{"start":{"line":1,"column":0},"end":{"line":1,"column":0}}]}},"b":{"0":[1]}}
,"src/app/page.tsx": {"path":"src/app/page.tsx","statementMap":{"0":{"start":{"line":6,"column":16},"end":{"line":6,"column":null}}},"s":{"0":13},"fnMap":{"0":{"name":"Home","decl":{"start":{"line":5,"column":30},"end":{"line":5,"column":null}},"loc":{"start":{"line":5,"column":30},"end":{"line":18,"column":null}},"line":5}},"f":{"0":13},"branchMap":{"0":{"type":"if","loc":{"start":{"line":1,"column":0},"end":{"line":1,"column":0}},"locations":[{"start":{"line":1,"column":0},"end":{"line":1,"column":0}}]}},"b":{"0":[1]}}
,"src/app/components/AddTask.tsx": {"path":"src/app/components/AddTask.tsx","statementMap":{"0":{"start":{"line":1,"column":0},"end":{"line":1,"column":null}},"1":{"start":{"line":5,"column":51},"end":{"line":5,"column":null}},"2":{"start":{"line":7,"column":44},"end":{"line":7,"column":null}},"3":{"start":{"line":10,"column":16},"end":{"line":58,"column":null}},"4":{"start":{"line":11,"column":17},"end":{"line":11,"column":null}},"5":{"start":{"line":12,"column":36},"end":{"line":12,"column":null}},"6":{"start":{"line":13,"column":42},"end":{"line":13,"column":null}},"7":{"start":{"line":15,"column":65},"end":{"line":24,"column":null}},"8":{"start":{"line":16,"column":4},"end":{"line":16,"column":null}},"9":{"start":{"line":17,"column":4},"end":{"line":20,"column":null}},"10":{"start":{"line":21,"column":4},"end":{"line":21,"column":null}},"11":{"start":{"line":22,"column":4},"end":{"line":22,"column":null}},"12":{"start":{"line":23,"column":4},"end":{"line":23,"column":null}},"13":{"start":{"line":29,"column":23},"end":{"line":29,"column":null}},"14":{"start":{"line":45,"column":31},"end":{"line":45,"column":null}}},"s":{"0":1,"1":1,"2":1,"3":7,"4":19,"5":19,"6":19,"7":19,"8":1,"9":1,"10":1,"11":1,"12":1,"13":2,"14":2},"fnMap":{"0":{"name":"(anonymous_0)","decl":{"start":{"line":10,"column":16},"end":{"line":10,"column":null}},"loc":{"start":{"line":10,"column":16},"end":{"line":58,"column":null}},"line":10},"1":{"name":"(anonymous_1)","decl":{"start":{"line":15,"column":65},"end":{"line":15,"column":72}},"loc":{"start":{"line":15,"column":72},"end":{"line":24,"column":null}},"line":15},"2":{"name":"(anonymous_2)","decl":{"start":{"line":29,"column":17},"end":{"line":29,"column":23}},"loc":{"start":{"line":29,"column":23},"end":{"line":29,"column":null}},"line":29},"3":{"name":"(anonymous_3)","decl":{"start":{"line":45,"column":24},"end":{"line":45,"column":25}},"loc":{"start":{"line":45,"column":31},"end":{"line":45,"column":null}},"line":45}},"f":{"0":19,"1":1,"2":2,"3":2},"branchMap":{"0":{"type":"if","loc":{"start":{"line":1,"column":0},"end":{"line":1,"column":0}},"locations":[{"start":{"line":1,"column":0},"end":{"line":1,"column":0}}]}},"b":{"0":[1]}}
,"src/app/components/Icons.tsx": {"path":"src/app/components/Icons.tsx","statementMap":{"0":{"start":{"line":11,"column":24},"end":{"line":24,"column":null}},"1":{"start":{"line":11,"column":84},"end":{"line":11,"column":null}},"2":{"start":{"line":27,"column":24},"end":{"line":42,"column":null}},"3":{"start":{"line":27,"column":84},"end":{"line":27,"column":null}},"4":{"start":{"line":45,"column":25},"end":{"line":57,"column":null}},"5":{"start":{"line":45,"column":85},"end":{"line":45,"column":null}},"6":{"start":{"line":12,"column":2},"end":{"line":24,"column":null}},"7":{"start":{"line":28,"column":2},"end":{"line":42,"column":null}},"8":{"start":{"line":46,"column":2},"end":{"line":57,"column":null}}},"s":{"0":7,"1":13,"2":7,"3":49,"4":7,"5":49,"6":13,"7":30,"8":30},"fnMap":{"0":{"name":"(anonymous_0)","decl":{"start":{"line":11,"column":24},"end":{"line":11,"column":25}},"loc":{"start":{"line":11,"column":24},"end":{"line":24,"column":null}},"line":11},"1":{"name":"(anonymous_1)","decl":{"start":{"line":27,"column":24},"end":{"line":27,"column":25}},"loc":{"start":{"line":27,"column":24},"end":{"line":42,"column":null}},"line":27},"2":{"name":"(anonymous_2)","decl":{"start":{"line":45,"column":25},"end":{"line":45,"column":26}},"loc":{"start":{"line":45,"column":25},"end":{"line":57,"column":null}},"line":45},"3":{"name":"(anonymous_0)","decl":{"start":{"line":11,"column":24},"end":{"line":11,"column":25}},"loc":{"start":{"line":12,"column":2},"end":{"line":24,"column":null}},"line":12},"4":{"name":"(anonymous_1)","decl":{"start":{"line":27,"column":24},"end":{"line":27,"column":25}},"loc":{"start":{"line":28,"column":2},"end":{"line":42,"column":null}},"line":28},"5":{"name":"(anonymous_2)","decl":{"start":{"line":45,"column":25},"end":{"line":45,"column":26}},"loc":{"start":{"line":46,"column":2},"end":{"line":57,"column":null}},"line":46}},"f":{"0":12,"1":48,"2":48,"3":19,"4":72,"5":72},"branchMap":{"0":{"loc":{"start":{"line":11,"column":27},"end":{"line":11,"column":36}},"type":"default-arg","locations":[{"start":{"line":11,"column":34},"end":{"line":11,"column":36}}],"line":11},"1":{"loc":{"start":{"line":11,"column":38},"end":{"line":11,"column":60}},"type":"default-arg","locations":[{"start":{"line":11,"column":46},"end":{"line":11,"column":60}}],"line":11},"2":{"loc":{"start":{"line":27,"column":27},"end":{"line":27,"column":36}},"type":"default-arg","locations":[{"start":{"line":27,"column":34},"end":{"line":27,"column":36}}],"line":27},"3":{"loc":{"start":{"line":27,"column":38},"end":{"line":27,"column":60}},"type":"default-arg","locations":[{"start":{"line":27,"column":46},"end":{"line":27,"column":60}}],"line":27},"4":{"loc":{"start":{"line":45,"column":28},"end":{"line":45,"column":37}},"type":"default-arg","locations":[{"start":{"line":45,"column":35},"end":{"line":45,"column":37}}],"line":45},"5":{"loc":{"start":{"line":45,"column":39},"end":{"line":45,"column":61}},"type":"default-arg","locations":[{"start":{"line":45,"column":47},"end":{"line":45,"column":61}}],"line":45}},"b":{"0":[19],"1":[19],"2":[72],"3":[72],"4":[72],"5":[72]}}
,"src/app/components/Modal.tsx": {"path":"src/app/components/Modal.tsx","statementMap":{"0":{"start":{"line":1,"column":0},"end":{"line":1,"column":null}},"1":{"start":{"line":3,"column":26},"end":{"line":3,"column":null}},"2":{"start":{"line":11,"column":36},"end":{"line":25,"column":null}},"3":{"start":{"line":16,"column":25},"end":{"line":16,"column":null}}},"s":{"0":2,"1":2,"2":7,"3":1},"fnMap":{"0":{"name":"(anonymous_0)","decl":{"start":{"line":11,"column":36},"end":{"line":11,"column":37}},"loc":{"start":{"line":11,"column":36},"end":{"line":25,"column":null}},"line":11},"1":{"name":"(anonymous_1)","decl":{"start":{"line":16,"column":19},"end":{"line":16,"column":25}},"loc":{"start":{"line":16,"column":25},"end":{"line":16,"column":null}},"line":16},"2":{"name":"(anonymous_0)","decl":{"start":{"line":11,"column":36},"end":{"line":11,"column":37}},"loc":{"start":{"line":11,"column":74},"end":{"line":25,"column":null}},"line":11}},"f":{"0":108,"1":1,"2":163},"branchMap":{"0":{"loc":{"start":{"line":13,"column":29},"end":{"line":13,"column":60}},"type":"cond-expr","locations":[{"start":{"line":13,"column":41},"end":{"line":13,"column":56}},{"start":{"line":13,"column":56},"end":{"line":13,"column":60}}],"line":13}},"b":{"0":[8,155]}}
,"src/app/components/Task.tsx": {"path":"src/app/components/Task.tsx","statementMap":{"0":{"start":{"line":1,"column":0},"end":{"line":1,"column":null}},"1":{"start":{"line":5,"column":51},"end":{"line":5,"column":null}},"2":{"start":{"line":7,"column":44},"end":{"line":7,"column":null}},"3":{"start":{"line":14,"column":34},"end":{"line":102,"column":null}},"4":{"start":{"line":15,"column":17},"end":{"line":15,"column":null}},"5":{"start":{"line":16,"column":44},"end":{"line":16,"column":null}},"6":{"start":{"line":17,"column":50},"end":{"line":17,"column":null}},"7":{"start":{"line":18,"column":38},"end":{"line":18,"column":null}},"8":{"start":{"line":19,"column":38},"end":{"line":19,"column":null}},"9":{"start":{"line":21,"column":66},"end":{"line":30,"column":null}},"10":{"start":{"line":22,"column":4},"end":{"line":22,"column":null}},"11":{"start":{"line":23,"column":4},"end":{"line":26,"column":null}},"12":{"start":{"line":28,"column":4},"end":{"line":28,"column":null}},"13":{"start":{"line":29,"column":4},"end":{"line":29,"column":null}},"14":{"start":{"line":32,"column":27},"end":{"line":36,"column":null}},"15":{"start":{"line":33,"column":4},"end":{"line":33,"column":null}},"16":{"start":{"line":34,"column":4},"end":{"line":34,"column":null}},"17":{"start":{"line":35,"column":4},"end":{"line":35,"column":null}},"18":{"start":{"line":38,"column":25},"end":{"line":40,"column":null}},"19":{"start":{"line":39,"column":4},"end":{"line":39,"column":null}},"20":{"start":{"line":59,"column":25},"end":{"line":59,"column":null}},"21":{"start":{"line":72,"column":33},"end":{"line":72,"column":null}},"22":{"start":{"line":84,"column":25},"end":{"line":84,"column":null}},"23":{"start":{"line":94,"column":35},"end":{"line":94,"column":62}}},"s":{"0":1,"1":1,"2":1,"3":7,"4":72,"5":72,"6":72,"7":72,"8":72,"9":72,"10":1,"11":1,"12":1,"13":1,"14":72,"15":5,"16":5,"17":5,"18":72,"19":1,"20":1,"21":1,"22":6,"23":5},"fnMap":{"0":{"name":"(anonymous_0)","decl":{"start":{"line":14,"column":34},"end":{"line":14,"column":35}},"loc":{"start":{"line":14,"column":34},"end":{"line":102,"column":null}},"line":14},"1":{"name":"(anonymous_1)","decl":{"start":{"line":21,"column":66},"end":{"line":21,"column":73}},"loc":{"start":{"line":21,"column":73},"end":{"line":30,"column":null}},"line":21},"2":{"name":"(anonymous_2)","decl":{"start":{"line":32,"column":27},"end":{"line":32,"column":34}},"loc":{"start":{"line":32,"column":34},"end":{"line":36,"column":null}},"line":32},"3":{"name":"(anonymous_3)","decl":{"start":{"line":38,"column":25},"end":{"line":38,"column":null}},"loc":{"start":{"line":38,"column":25},"end":{"line":40,"column":null}},"line":38},"4":{"name":"(anonymous_4)","decl":{"start":{"line":59,"column":19},"end":{"line":59,"column":25}},"loc":{"start":{"line":59,"column":25},"end":{"line":59,"column":null}},"line":59},"5":{"name":"(anonymous_5)","decl":{"start":{"line":72,"column":26},"end":{"line":72,"column":27}},"loc":{"start":{"line":72,"column":33},"end":{"line":72,"column":null}},"line":72},"6":{"name":"(anonymous_6)","decl":{"start":{"line":84,"column":19},"end":{"line":84,"column":25}},"loc":{"start":{"line":84,"column":25},"end":{"line":84,"column":null}},"line":84},"7":{"name":"(anonymous_7)","decl":{"start":{"line":94,"column":29},"end":{"line":94,"column":35}},"loc":{"start":{"line":94,"column":35},"end":{"line":94,"column":62}},"line":94},"8":{"name":"(anonymous_0)","decl":{"start":{"line":14,"column":34},"end":{"line":14,"column":35}},"loc":{"start":{"line":14,"column":43},"end":{"line":102,"column":null}},"line":14}},"f":{"0":48,"1":1,"2":5,"3":1,"4":1,"5":1,"6":6,"7":5,"8":72},"branchMap":{"0":{"loc":{"start":{"line":51,"column":39},"end":{"line":51,"column":76}},"type":"cond-expr","locations":[{"start":{"line":51,"column":52},"end":{"line":51,"column":69}},{"start":{"line":51,"column":69},"end":{"line":51,"column":76}}],"line":51}},"b":{"0":[1,71]}}
,"src/app/components/TodoList.tsx": {"path":"src/app/components/TodoList.tsx","statementMap":{"0":{"start":{"line":9,"column":42},"end":{"line":39,"column":null}},"1":{"start":{"line":9,"column":52},"end":{"line":9,"column":null}},"2":{"start":{"line":10,"column":22},"end":{"line":21,"column":null}},"3":{"start":{"line":11,"column":4},"end":{"line":15,"column":null}},"4":{"start":{"line":12,"column":6},"end":{"line":13,"column":28}},"5":{"start":{"line":13,"column":8},"end":{"line":13,"column":28}},"6":{"start":{"line":41,"column":15},"end":{"line":41,"column":23}}},"s":{"0":7,"1":13,"2":19,"3":19,"4":16,"5":56,"6":7},"fnMap":{"0":{"name":"(anonymous_0)","decl":{"start":{"line":9,"column":42},"end":{"line":9,"column":43}},"loc":{"start":{"line":9,"column":42},"end":{"line":39,"column":null}},"line":9},"1":{"name":"(anonymous_1)","decl":{"start":{"line":10,"column":22},"end":{"line":10,"column":null}},"loc":{"start":{"line":10,"column":22},"end":{"line":21,"column":null}},"line":10},"2":{"name":"(anonymous_2)","decl":{"start":{"line":12,"column":23},"end":{"line":12,"column":24}},"loc":{"start":{"line":13,"column":8},"end":{"line":13,"column":28}},"line":13},"3":{"name":"(anonymous_0)","decl":{"start":{"line":9,"column":42},"end":{"line":9,"column":43}},"loc":{"start":{"line":9,"column":52},"end":{"line":39,"column":null}},"line":9}},"f":{"0":12,"1":19,"2":56,"3":19},"branchMap":{"0":{"loc":{"start":{"line":11,"column":4},"end":{"line":15,"column":null}},"type":"if","locations":[{"start":{"line":11,"column":4},"end":{"line":15,"column":null}},{"start":{},"end":{}}],"line":11}},"b":{"0":[16,3]}}
}
